0 silly argv {
0 silly argv   _: [ 'exec' ],
0 silly argv   parallel: true,
0 silly argv   args: [],
0 silly argv   '--': [
0 silly argv     'babel',
0 silly argv     '--root-mode',
0 silly argv     'upward',
0 silly argv     'src',
0 silly argv     '-d',
0 silly argv     'lib',
0 silly argv     '--ignore',
0 silly argv     '**/*.stories.js,**/*.spec.js'
0 silly argv   ],
0 silly argv   lernaVersion: '3.22.1',
0 silly argv   '$0': '/Users/migueljulio/repos/case-studies/rollup-typescript-react-styled-components-template/node_modules/.bin/lerna'
0 silly argv }
1 notice cli v3.22.1
2 verbose rootPath /Users/migueljulio/repos/case-studies/rollup-typescript-react-styled-components-template
3 error JSONError: Unexpected end of JSON input while parsing near '' in packages/input/package.json
3 error     at module.exports (/Users/migueljulio/repos/case-studies/rollup-typescript-react-styled-components-template/node_modules/parse-json/index.js:26:19)
3 error     at parse (/Users/migueljulio/repos/case-studies/rollup-typescript-react-styled-components-template/node_modules/load-json-file/index.js:15:9)
